<?xml version="1.0" encoding="UTF-8"?>
<!-- Generated by org.testng.reporters.JUnitXMLReporter -->
<testsuite hostname="LAPTOP-RRO4KGR3" ignored="0" name="testing1" tests="2" failures="0" timestamp="09 Jul 2020 07:24:00 GMT" time="0.054" errors="0">
  <testcase name="testing" time="0.008" classname="com.selenium.maventesting.AppTest"/>
  <testcase name="testing2" time="0.003" classname="com.selenium.maventesting.AppTest">
    <skipped/>
  </testcase> <!-- testing2 -->
</testsuite> <!-- testing1 -->
