<?xml version="1.0" encoding="UTF-8"?>
<testng-results skipped="1" failed="0" ignored="0" total="3" passed="2">
  <reporter-output>
  </reporter-output>
  <suite name="Surefire suite" duration-ms="30" started-at="2020-07-21T16:27:26Z" finished-at="2020-07-21T16:27:26Z">
    <groups>
    </groups>
    <test name="Surefire test" duration-ms="30" started-at="2020-07-21T16:27:26Z" finished-at="2020-07-21T16:27:26Z">
      <class name="com.selenium.maventesting.AppTest">
        <test-method status="PASS" signature="beforesuite()[pri:0, instance:com.selenium.maventesting.AppTest@4cb2c100]" name="beforesuite" is-config="true" duration-ms="11" started-at="2020-07-21T16:27:26Z" finished-at="2020-07-21T16:27:26Z">
          <reporter-output>
          </reporter-output>
        </test-method> <!-- beforesuite -->
        <test-method status="PASS" signature="beforetest()[pri:0, instance:com.selenium.maventesting.AppTest@4cb2c100]" name="beforetest" is-config="true" duration-ms="0" started-at="2020-07-21T16:27:26Z" finished-at="2020-07-21T16:27:26Z">
          <reporter-output>
          </reporter-output>
        </test-method> <!-- beforetest -->
        <test-method status="PASS" signature="beforemethod()[pri:0, instance:com.selenium.maventesting.AppTest@4cb2c100]" name="beforemethod" is-config="true" duration-ms="1" started-at="2020-07-21T16:27:26Z" finished-at="2020-07-21T16:27:26Z">
          <reporter-output>
          </reporter-output>
        </test-method> <!-- beforemethod -->
        <test-method status="PASS" signature="testing()[pri:0, instance:com.selenium.maventesting.AppTest@4cb2c100]" name="testing" duration-ms="1" started-at="2020-07-21T16:27:26Z" finished-at="2020-07-21T16:27:26Z">
          <reporter-output>
          </reporter-output>
        </test-method> <!-- testing -->
        <test-method status="PASS" signature="beforemethod()[pri:0, instance:com.selenium.maventesting.AppTest@4cb2c100]" name="beforemethod" is-config="true" duration-ms="1" started-at="2020-07-21T16:27:26Z" finished-at="2020-07-21T16:27:26Z">
          <reporter-output>
          </reporter-output>
        </test-method> <!-- beforemethod -->
        <test-method status="SKIP" signature="testing2()[pri:0, instance:com.selenium.maventesting.AppTest@4cb2c100]" name="testing2" duration-ms="0" started-at="2020-07-21T16:27:26Z" finished-at="2020-07-21T16:27:26Z">
          <exception class="org.testng.SkipException">
            <message>
              <![CDATA[skipping]]>
            </message>
            <full-stacktrace>
              <![CDATA[org.testng.SkipException: skipping
at com.selenium.maventesting.AppTest.testing2(AppTest.java:24)
at sun.reflect.NativeMethodAccessorImpl.invoke0(Native Method)
at sun.reflect.NativeMethodAccessorImpl.invoke(NativeMethodAccessorImpl.java:62)
at sun.reflect.DelegatingMethodAccessorImpl.invoke(DelegatingMethodAccessorImpl.java:43)
at java.lang.reflect.Method.invoke(Method.java:498)
at org.testng.internal.MethodInvocationHelper.invokeMethod(MethodInvocationHelper.java:124)
at org.testng.internal.Invoker.invokeMethod(Invoker.java:580)
at org.testng.internal.Invoker.invokeTestMethod(Invoker.java:716)
at org.testng.internal.Invoker.invokeTestMethods(Invoker.java:988)
at org.testng.internal.TestMethodWorker.invokeTestMethods(TestMethodWorker.java:125)
at org.testng.internal.TestMethodWorker.run(TestMethodWorker.java:109)
at org.testng.TestRunner.privateRun(TestRunner.java:648)
at org.testng.TestRunner.run(TestRunner.java:505)
at org.testng.SuiteRunner.runTest(SuiteRunner.java:455)
at org.testng.SuiteRunner.runSequentially(SuiteRunner.java:450)
at org.testng.SuiteRunner.privateRun(SuiteRunner.java:415)
at org.testng.SuiteRunner.run(SuiteRunner.java:364)
at org.testng.SuiteRunnerWorker.runSuite(SuiteRunnerWorker.java:52)
at org.testng.SuiteRunnerWorker.run(SuiteRunnerWorker.java:84)
at org.testng.TestNG.runSuitesSequentially(TestNG.java:1208)
at org.testng.TestNG.runSuitesLocally(TestNG.java:1137)
at org.testng.TestNG.runSuites(TestNG.java:1049)
at org.testng.TestNG.run(TestNG.java:1017)
at org.apache.maven.surefire.testng.TestNGExecutor.run(TestNGExecutor.java:135)
at org.apache.maven.surefire.testng.TestNGDirectoryTestSuite.executeMulti(TestNGDirectoryTestSuite.java:193)
at org.apache.maven.surefire.testng.TestNGDirectoryTestSuite.execute(TestNGDirectoryTestSuite.java:94)
at org.apache.maven.surefire.testng.TestNGProvider.invoke(TestNGProvider.java:146)
at org.apache.maven.surefire.booter.ForkedBooter.invokeProviderInSameClassLoader(ForkedBooter.java:384)
at org.apache.maven.surefire.booter.ForkedBooter.runSuitesInProcess(ForkedBooter.java:345)
at org.apache.maven.surefire.booter.ForkedBooter.execute(ForkedBooter.java:126)
at org.apache.maven.surefire.booter.ForkedBooter.main(ForkedBooter.java:418)
]]>
            </full-stacktrace>
          </exception> <!-- org.testng.SkipException -->
          <reporter-output>
          </reporter-output>
        </test-method> <!-- testing2 -->
        <test-method status="PASS" signature="aftermethod()[pri:0, instance:com.selenium.maventesting.AppTest@4cb2c100]" name="aftermethod" is-config="true" duration-ms="1" started-at="2020-07-21T16:27:26Z" finished-at="2020-07-21T16:27:26Z">
          <reporter-output>
          </reporter-output>
        </test-method> <!-- aftermethod -->
        <test-method status="PASS" signature="aftertest()[pri:0, instance:com.selenium.maventesting.AppTest@4cb2c100]" name="aftertest" is-config="true" duration-ms="0" started-at="2020-07-21T16:27:26Z" finished-at="2020-07-21T16:27:26Z">
          <reporter-output>
          </reporter-output>
        </test-method> <!-- aftertest -->
        <test-method status="PASS" signature="aftersuite()[pri:0, instance:com.selenium.maventesting.AppTest@4cb2c100]" name="aftersuite" is-config="true" duration-ms="0" started-at="2020-07-21T16:27:26Z" finished-at="2020-07-21T16:27:26Z">
          <reporter-output>
          </reporter-output>
        </test-method> <!-- aftersuite -->
      </class> <!-- com.selenium.maventesting.AppTest -->
      <class name="com.selenium.maventesting.RegTest">
        <test-method status="PASS" signature="doRegister()[pri:0, instance:com.selenium.maventesting.RegTest@6fb554cc]" name="doRegister" duration-ms="4" started-at="2020-07-21T16:27:26Z" finished-at="2020-07-21T16:27:26Z">
          <reporter-output>
          </reporter-output>
        </test-method> <!-- doRegister -->
      </class> <!-- com.selenium.maventesting.RegTest -->
    </test> <!-- Surefire test -->
  </suite> <!-- Surefire suite -->
</testng-results>
