<?xml version="1.0" encoding="UTF-8"?>
<testsuite xmlns:xsi="http://www.w3.org/2001/XMLSchema-instance" xsi:noNamespaceSchemaLocation="https://maven.apache.org/surefire/maven-surefire-plugin/xsd/surefire-test-report.xsd" name="TestSuite" time="0.793" tests="3" errors="0" skipped="1" failures="0">
  <properties>
[...]
</properties>
  <testcase name="testing" classname="com.selenium.maventesting.AppTest" time="0.002"/>
  <testcase name="testing2" classname="com.selenium.maventesting.AppTest" time="0">
    <skipped message="skipping"/>
    <system-out><![CDATA[this is before method
]]></system-out>
  </testcase>
  <testcase name="doRegister" classname="com.selenium.maventesting.RegTest" time="0.002"/>
</testsuite>